Command line:
   clk_div_tb_isim_beh.exe
     -simmode  gui
     -simrunnum  0
     -socket  61522

Tue Apr 16 15:24:30 2013


 Elaboration Time: 0.0936 sec

 Current Memory Usage: 498.364 Meg

 Total Signals          : 8
 Total Nets             : 5
 Total Signal Drivers   : 5
 Total Blocks           : 3
 Total Primitive Blocks : 2
 Total Processes        : 4
 Total Traceable Variables  : 9
 Total Scalar Nets and Variables : 366
Total Line Count : 16

 Total Simulation Time: 24.6482 sec

 Current Memory Usage: 498.364 Meg

Tue Apr 16 15:25:11 2013

