Command line:
   combo3_tb_isim_beh.exe
     -simmode  gui
     -simrunnum  0
     -socket  63290

Sat May 04 18:43:25 2013


 Elaboration Time: 0.1248 sec

 Current Memory Usage: 495.157 Meg

 Total Signals          : 104
 Total Nets             : 211
 Total Signal Drivers   : 38
 Total Blocks           : 13
 Total Primitive Blocks : 11
 Total Processes        : 22
 Total Traceable Variables  : 16
 Total Scalar Nets and Variables : 713
Total Line Count : 177

 Total Simulation Time: 58.5004 sec

 Current Memory Usage: 495.157 Meg

Sat May 04 18:48:36 2013

