ISim log file
Running: C:\Users\Evan Dinelli\Documents\GitHub\LAB8\code\Evan\working\robot_arm_control\combo3_tb_isim_beh.exe -gui -tclbatch isim.cmd -wdb C:/Users/Evan Dinelli/Documents/GitHub/LAB8/code/Evan/working/robot_arm_control/combo3_tb_isim_beh.wdb 
ISim M.53d (signature 0x7dea747)
WARNING: A WEBPACK license was found.
WARNING: Please use Xilinx License Configuration Manager to check out a full ISim license.
WARNING: ISim will run in Lite mode. Please refer to the ISim documentation for more information on the differences between the Lite and the Full version.
This is a Lite version of ISim.
Time resolution is 1 ps
# onerror resume
# wave add /
# run 1000 ns
Simulator is doing circuit initialization process.
at 0 ps, Instance /combo3_tb/uut/pan_count/ : Warning: There is an 'U'|'X'|'W'|'Z'|'-' in an arithmetic operand, the result will be 'X'(es).
at 0 ps, Instance /combo3_tb/uut/pan_count/ : Warning: CONV_INTEGER: There is an 'U'|'X'|'W'|'Z'|'-' in an arithmetic operand, and it has been converted to 0.
at 0 ps, Instance /combo3_tb/uut/tilt_count/ : Warning: CONV_INTEGER: There is an 'U'|'X'|'W'|'Z'|'-' in an arithmetic operand, and it has been converted to 0.
Finished circuit initialization process.
# run all
Stopped at time : 150834180 ns : File "C:/Users/Evan Dinelli/Documents/GitHub/LAB8/code/Evan/working/robot_arm_control/combo3_tb.vhd" Line 94
# run all
Stopped at time : 1421291560 ns : File "C:/Users/Evan Dinelli/Documents/GitHub/LAB8/code/Evan/working/robot_arm_control/combo3_tb.vhd" Line 94
