Command line:
   clk_div_isim_beh.exe
     -simmode  gui
     -simrunnum  0
     -socket  54429

Sun Apr 21 22:43:14 2013


 Elaboration Time: 0.0156 sec

 Current Memory Usage: 499.089 Meg

 Total Signals          : 5
 Total Nets             : 5
 Total Signal Drivers   : 3
 Total Blocks           : 2
 Total Primitive Blocks : 2
 Total Processes        : 2
 Total Traceable Variables  : 8
 Total Scalar Nets and Variables : 365
Total Line Count : 8

 Total Simulation Time: 0.0156 sec

 Current Memory Usage: 499.089 Meg

Sun Apr 21 22:43:25 2013

