Command line:
   counter_tb_isim_beh.exe
     -simmode  gui
     -simrunnum  0
     -socket  56092

Mon Apr 22 17:04:01 2013


 Elaboration Time: 0.0312 sec

 Current Memory Usage: 499.188 Meg

 Total Signals          : 13
 Total Nets             : 21
 Total Signal Drivers   : 6
 Total Blocks           : 5
 Total Primitive Blocks : 4
 Total Processes        : 4
 Total Traceable Variables  : 11
 Total Scalar Nets and Variables : 400
Total Line Count : 20

 Total Simulation Time: 24.2582 sec

 Current Memory Usage: 499.188 Meg

Mon Apr 22 17:07:02 2013

