Command line:
   pwm_tb_isim_beh.exe
     -simmode  gui
     -simrunnum  0
     -socket  54210

Sun Apr 21 22:37:25 2013


 Elaboration Time: 0.0156 sec

 Current Memory Usage: 499.29 Meg

 Total Signals          : 9
 Total Nets             : 99
 Total Signal Drivers   : 6
 Total Blocks           : 6
 Total Primitive Blocks : 5
 Total Processes        : 5
 Total Traceable Variables  : 16
 Total Scalar Nets and Variables : 601
Total Line Count : 20

 Total Simulation Time: 17.1445 sec

 Current Memory Usage: 499.29 Meg

Sun Apr 21 22:41:57 2013

