Command line:
   final_tb_isim_beh.exe
     -simmode  gui
     -simrunnum  0
     -socket  63229

Sat May 04 18:38:48 2013


 Elaboration Time: 0.171601 sec

 Current Memory Usage: 495.157 Meg

 Total Signals          : 100
 Total Nets             : 211
 Total Signal Drivers   : 38
 Total Blocks           : 13
 Total Primitive Blocks : 11
 Total Processes        : 22
 Total Traceable Variables  : 16
 Total Scalar Nets and Variables : 713
Total Line Count : 175

 Total Simulation Time: 0.218401 sec

 Current Memory Usage: 495.157 Meg

Sat May 04 18:39:14 2013

